<?xml version="1.0" encoding="UTF-8"?>
<testsuite name="Scenario: Login to mConsole" time="1.343" tests="6" errors="0" skipped="0" failures="2">
  <properties>
[...]
</properties>
  <testcase name="Given User finds the title relevant to search keyword" classname="Scenario: Check the title after google search" time="0.156"/>
  <testcase name="Scenario: Check the title after google search" classname="Scenario: Check the title after google search" time="0.304"/>
  <testcase name="Given user is on Login Page" classname="Scenario: Login to mConsole" time="0.001"/>
  <testcase name="When User logs in to mConsole" classname="Scenario: Login to mConsole" time="0"/>
  <testcase name="And navigates to Manage Transactions" classname="Scenario: Login to mConsole" time="0.435">
    <failure message="&#10;Expected: is &quot;blah!!&quot;&#10;     but: was &quot;mConsole - Administrative console&quot;" type="java.lang.AssertionError">java.lang.AssertionError: 
Expected: is "blah!!"
     but: was "mConsole - Administrative console"
	at org.hamcrest.MatcherAssert.assertThat(MatcherAssert.java:20)
	at org.hamcrest.MatcherAssert.assertThat(MatcherAssert.java:8)
	at steps.applicationSteps.LandingPageSteps.User_logs_in_to_mConsole(LandingPageSteps.java:31)
	at ✽.And navigates to Manage Transactions(features/manageTransaction.feature:11)
</failure>
    <system-out><![CDATA[
  Background: User needs to be on the Login page &amp#27;[90m# features/manageTransaction.feature:5&amp#27;[0m
    &amp#27;[32mGiven &amp#27;[0m&amp#27;[32muser is on Login Page&amp#27;[0m                  &amp#27;[90m# StartingSteps.User_logs_in_to_mConsole()&amp#27;[0m
    &amp#27;[32mWhen &amp#27;[0m&amp#27;[32mUser logs in to mConsole&amp#27;[0m                &amp#27;[90m# LoginPageSteps.User_logs_in_to_mConsole()&amp#27;[0m
driver.getTitle() = mConsole - Administrative console
]]></system-out>
  </testcase>
  <testcase name="Scenario: Login to mConsole" classname="Scenario: Login to mConsole" time="0.447">
    <failure message="&#10;Expected: is &quot;blah!!&quot;&#10;     but: was &quot;mConsole - Administrative console&quot;" type="java.lang.AssertionError">java.lang.AssertionError: 
Expected: is "blah!!"
     but: was "mConsole - Administrative console"
	at org.hamcrest.MatcherAssert.assertThat(MatcherAssert.java:20)
	at org.hamcrest.MatcherAssert.assertThat(MatcherAssert.java:8)
	at steps.applicationSteps.LandingPageSteps.User_logs_in_to_mConsole(LandingPageSteps.java:31)
	at ✽.And navigates to Manage Transactions(features/manageTransaction.feature:11)
</failure>
  </testcase>
</testsuite>